{
  "RSpec": {
    "coverage": {
      "/mnt/sda7/Dropbox/PIS/Rails/pis2015/src/alfred/app/helpers/application_helper.rb": [
        1,
        null
      ],
      "/mnt/sda7/Dropbox/PIS/Rails/pis2015/src/alfred/app/helpers/person_helper.rb": [
        1,
        null
      ],
      "/mnt/sda7/Dropbox/PIS/Rails/pis2015/src/alfred/app/controllers/google_controller.rb": [
        1,
        null,
        1,
        null,
        1,
        1,
        null,
        1,
        2,
        null,
        2,
        2,
        1,
        1,
        1,
        1,
        null,
        1,
        1,
        1,
        null,
        1,
        1,
        null,
        1,
        null,
        null,
        null,
        1,
        1,
        1,
        null,
        null,
        1,
        2,
        null,
        null
      ],
      "/mnt/sda7/Dropbox/PIS/Rails/pis2015/src/alfred/app/controllers/application_controller.rb": [
        1,
        null,
        1,
        1,
        null,
        null,
        null,
        1,
        null,
        1,
        2,
        2,
        1,
        null,
        null,
        null,
        1,
        4,
        4,
        4,
        4,
        1,
        null,
        null,
        null,
        null,
        1,
        1,
        7,
        null,
        null,
        1,
        1,
        1,
        1,
        null,
        null,
        1,
        1,
        1,
        1,
        null,
        null
      ],
      "/mnt/sda7/Dropbox/PIS/Rails/pis2015/src/alfred/app/controllers/people_controller.rb": [
        1,
        null,
        1,
        1,
        null,
        1,
        1,
        null,
        null,
        1,
        1,
        null,
        null,
        1,
        1,
        null,
        1,
        null,
        1,
        null,
        null,
        1,
        1,
        null,
        null,
        1,
        null,
        null,
        1,
        1,
        null,
        null,
        1,
        null,
        1,
        null,
        1,
        null,
        1,
        null,
        0,
        null,
        null,
        null,
        1,
        null,
        null,
        1,
        2,
        2,
        2,
        1,
        null,
        1,
        null,
        null,
        null,
        1,
        null,
        1,
        2,
        null,
        null,
        null,
        null
      ],
      "/mnt/sda7/Dropbox/PIS/Rails/pis2015/src/alfred/app/models/user.rb": [
        null,
        null,
        null,
        null,
        null,
        null,
        null,
        null,
        null,
        null,
        null,
        null,
        1,
        1,
        1,
        8,
        null,
        null
      ],
      "/mnt/sda7/Dropbox/PIS/Rails/pis2015/src/alfred/app/models/tech_role.rb": [
        null,
        null,
        null,
        null,
        null,
        null,
        null,
        null,
        null,
        null,
        null,
        1,
        null
      ],
      "/mnt/sda7/Dropbox/PIS/Rails/pis2015/src/alfred/app/models/person.rb": [
        null,
        null,
        null,
        null,
        null,
        null,
        null,
        null,
        null,
        null,
        null,
        null,
        null,
        null,
        null,
        null,
        null,
        null,
        1,
        null,
        1,
        1,
        null,
        1,
        1,
        1,
        1,
        1,
        1,
        null,
        null,
        null,
        1,
        null,
        1,
        null,
        null,
        null,
        1,
        null,
        1,
        null,
        null,
        null,
        1,
        1,
        null,
        1,
        1,
        1,
        null,
        null,
        null
      ],
      "/mnt/sda7/Dropbox/PIS/Rails/pis2015/src/alfred/app/models/milestone.rb": [
        null,
        null,
        null,
        null,
        null,
        null,
        null,
        null,
        null,
        null,
        null,
        null,
        null,
        null,
        null,
        null,
        1,
        1,
        1,
        1,
        1,
        1,
        null,
        null
      ],
      "/mnt/sda7/Dropbox/PIS/Rails/pis2015/src/alfred/app/models/person_milestone.rb": [
        null,
        null,
        null,
        null,
        null,
        null,
        null,
        null,
        null,
        null,
        null,
        null,
        1,
        1,
        1,
        null
      ],
      "/mnt/sda7/Dropbox/PIS/Rails/pis2015/src/alfred/app/models/skill.rb": [
        null,
        null,
        null,
        null,
        null,
        null,
        null,
        null,
        null,
        null,
        null,
        null,
        1,
        1,
        null
      ],
      "/mnt/sda7/Dropbox/PIS/Rails/pis2015/src/alfred/app/models/person_skill.rb": [
        null,
        null,
        null,
        null,
        null,
        null,
        null,
        null,
        null,
        null,
        null,
        null,
        1,
        1,
        1,
        null
      ],
      "/mnt/sda7/Dropbox/PIS/Rails/pis2015/src/alfred/app/models/project.rb": [
        null,
        null,
        null,
        null,
        null,
        null,
        null,
        null,
        null,
        null,
        null,
        null,
        null,
        1,
        1,
        1,
        1,
        null
      ],
      "/mnt/sda7/Dropbox/PIS/Rails/pis2015/src/alfred/app/models/participation.rb": [
        null,
        null,
        null,
        null,
        null,
        null,
        null,
        null,
        null,
        null,
        null,
        null,
        null,
        1,
        1,
        1,
        null
      ],
      "/mnt/sda7/Dropbox/PIS/Rails/pis2015/src/alfred/app/models/note.rb": [
        null,
        null,
        null,
        null,
        null,
        null,
        null,
        null,
        null,
        null,
        null,
        null,
        null,
        1,
        1,
        1,
        1,
        null
      ],
      "/mnt/sda7/Dropbox/PIS/Rails/pis2015/src/alfred/app/models/resource.rb": [
        null,
        null,
        null,
        null,
        null,
        null,
        null,
        null,
        null,
        null,
        null,
        1,
        1,
        null,
        null
      ],
      "/mnt/sda7/Dropbox/PIS/Rails/pis2015/src/alfred/app/models/category.rb": [
        null,
        null,
        null,
        null,
        null,
        null,
        null,
        null,
        null,
        null,
        null,
        1,
        null
      ],
      "/mnt/sda7/Dropbox/PIS/Rails/pis2015/src/alfred/app/models/technology.rb": [
        null,
        null,
        null,
        null,
        null,
        null,
        null,
        null,
        null,
        null,
        null,
        1,
        1,
        null
      ],
      "/mnt/sda7/Dropbox/PIS/Rails/pis2015/src/alfred/app/models/mentorship.rb": [
        null,
        null,
        null,
        null,
        null,
        null,
        null,
        null,
        null,
        null,
        null,
        null,
        null,
        1,
        1,
        1,
        null,
        null
      ]
    },
    "timestamp": 1442290873
  }
}
